[0m11:42:21  Running with dbt=1.12.0-b3
[0m11:42:21  Registered adapter: postgres=1.10.2
[0m11:42:22  [[33mWARNING[0m]: Configuration paths exist in your dbt_project.yml file which do not apply to any resources.
There are 1 unused configuration paths:
- models.medical_warehouse.example
[0m11:42:22  Found 5 models, 8 data tests, 1 source, 475 macros
[0m11:42:22  
[0m11:42:22  Concurrency: 4 threads (target='dev')
[0m11:42:22  
[0m11:42:22  1 of 5 START sql view model raw.stg_telegram_messages .......................... [RUN]
[0m11:42:22  1 of 5 OK created sql view model raw.stg_telegram_messages ..................... [[32mCREATE VIEW[0m in 0.11s]
[0m11:42:22  2 of 5 START sql view model raw.dim_channels ................................... [RUN]
[0m11:42:22  3 of 5 START sql view model raw.dim_dates ...................................... [RUN]
[0m11:42:22  3 of 5 OK created sql view model raw.dim_dates ................................. [[32mCREATE VIEW[0m in 0.07s]
[0m11:42:22  2 of 5 OK created sql view model raw.dim_channels .............................. [[32mCREATE VIEW[0m in 0.07s]
[0m11:42:22  4 of 5 START sql view model raw.fct_messages ................................... [RUN]
[0m11:42:22  4 of 5 OK created sql view model raw.fct_messages .............................. [[32mCREATE VIEW[0m in 0.04s]
[0m11:42:22  5 of 5 START sql view model raw.fct_image_detections ........................... [RUN]
[0m11:42:22  5 of 5 OK created sql view model raw.fct_image_detections ...................... [[32mCREATE VIEW[0m in 0.05s]
[0m11:42:22  
[0m11:42:22  Finished running 5 view models in 0 hours 0 minutes and 0.41 seconds (0.41s).
[0m11:42:22  
[0m11:42:22  [32mCompleted successfully[0m
[0m11:42:22  
[0m11:42:22  Done. PASS=5 WARN=0 ERROR=0 SKIP=0 NO-OP=0 REUSED=0 TOTAL=5
